<?xml version="1.0" encoding="UTF-8"?>
<!-- Generated by org.testng.reporters.JUnitReportReporter -->
<testsuite hostname="DESKTOP-21OGGBD" failures="0" tests="3" name="testcases.LoginTest" time="22.422" errors="0" timestamp="2023-10-23T18:42:24 EDT" skipped="0">
  <testcase classname="testcases.LoginTest" name="startDriver" time="5.759"/>
  <testcase classname="testcases.LoginTest" name="openSignInPage" time="5.781"/>
  <testcase classname="testcases.LoginTest" name="validateError" time="10.882"/>
</testsuite> <!-- testcases.LoginTest -->
