<?xml version="1.0" encoding="UTF-8"?>
<!-- Generated by org.testng.reporters.JUnitReportReporter -->
<testsuite hostname="DESKTOP-21OGGBD" failures="0" tests="1" name="testcases.DropdownTest" time="3.820" errors="0" timestamp="2023-09-18T11:48:09 EDT" skipped="0">
  <testcase classname="testcases.DropdownTest" name="dropdown" time="3.820"/>
</testsuite> <!-- testcases.DropdownTest -->
