<?xml version="1.0" encoding="UTF-8"?>
<!-- Generated by org.testng.reporters.JUnitReportReporter -->
<testsuite hostname="DESKTOP-21OGGBD" failures="0" tests="1" name="testcases.DropdownTest" time="4.147" errors="0" timestamp="2023-09-20T11:29:00 EDT" skipped="0">
  <testcase classname="testcases.DropdownTest" name="dropdown" time="4.147"/>
</testsuite> <!-- testcases.DropdownTest -->
