<?xml version="1.0" encoding="UTF-8"?>
<!-- Generated by org.testng.reporters.JUnitReportReporter -->
<testsuite hostname="DESKTOP-21OGGBD" failures="0" tests="1" name="testcases.DropdownTest" time="11.275" errors="0" timestamp="2023-10-23T08:12:57 EDT" skipped="0">
  <testcase classname="testcases.DropdownTest" name="dropdown" time="11.275"/>
</testsuite> <!-- testcases.DropdownTest -->
