<?xml version="1.0" encoding="UTF-8"?>
<!-- Generated by org.testng.reporters.JUnitReportReporter -->
<testsuite hostname="DESKTOP-21OGGBD" failures="0" tests="3" name="testcases.LoginTest" time="35.492" errors="0" timestamp="2023-10-23T08:12:57 EDT" skipped="0">
  <testcase classname="testcases.LoginTest" name="startDriver" time="10.604"/>
  <testcase classname="testcases.LoginTest" name="openSignInPage" time="10.724"/>
  <testcase classname="testcases.LoginTest" name="validateError" time="14.164"/>
</testsuite> <!-- testcases.LoginTest -->
